2023-04-03 02:33:13.386745 - Initialized conversion of CBT770
2023-04-03 02:33:13.518295 - Received CBT.V504.FILE770.PDS from FILE770.XMI 
2023-04-03 02:33:13.520986 - Found $$$#DATE.txt (text/plain) in CBT.V504.FILE770.PDS, moved to PDS/$$$#DATE
2023-04-03 02:33:13.522013 - Found $DOCTXT.txt (text/plain) in CBT.V504.FILE770.PDS, moved to PDS/$DOCTXT
2023-04-03 02:33:13.523319 - Found $INSTALL.jcl (text/plain) in CBT.V504.FILE770.PDS, moved to PDS/$INSTALL
2023-04-03 02:33:13.524310 - Found $INSTAL1.jcl (text/plain) in CBT.V504.FILE770.PDS, moved to PDS/$INSTAL1
2023-04-03 02:33:13.525223 - Found $ZJOS.txt (text/plain) in CBT.V504.FILE770.PDS, moved to PDS/$ZJOS
2023-04-03 02:33:13.527494 - De-xmi-ed @DOC to CBT770/docs/@DOC.doc
2023-04-03 02:33:13.528533 - Found @FILE770.txt (text/plain) in CBT.V504.FILE770.PDS, moved to PDS/@FILE770
2023-04-03 02:33:13.529687 - Found CBTSETUP.rexx (text/plain) in CBT.V504.FILE770.PDS, moved to PDS/CBTSETUP
2023-04-03 02:33:13.550981 - Found JCLLIB.xmi (application/xmit) in CBT.V504.FILE770.PDS
2023-04-03 02:33:13.556692   - Received to CBT770/ZCBT.JCLLIB
2023-04-03 02:33:13.567280 - Found LOADLIB.xmi (application/xmit) in CBT.V504.FILE770.PDS
2023-04-03 02:33:13.589005   - Received RECFM=U data, stored XMIT file as CBT770/LOADLIB.xmi
2023-04-03 02:33:13.728126 - Found MACLIB.xmi (application/xmit) in CBT.V504.FILE770.PDS
2023-04-03 02:33:13.751326   - Received to CBT770/CBT.MACLIB
2023-04-03 02:33:13.793979 - Found REXXLIB.xmi (application/xmit) in CBT.V504.FILE770.PDS
2023-04-03 02:33:13.803039   - Received to CBT770/ZCBT.REXXLIB
2023-04-03 02:33:13.843741 - Found SAMPLIB.xmi (application/xmit) in CBT.V504.FILE770.PDS
2023-04-03 02:33:13.853857   - Received to CBT770/ZCBT.SAMPLIB
2023-04-03 02:33:13.880648 - Found SRCLIB.xmi (application/xmit) in CBT.V504.FILE770.PDS
2023-04-03 02:33:13.884439   - Received to CBT770/CBT.SRCLIB
